<?xml version="1.0" encoding="UTF-8"?>
<testng-results ignored="0" total="1" passed="1" failed="0" skipped="0">
  <reporter-output>
  </reporter-output>
  <suite started-at="2025-04-06T14:04:20 WAT" name="All Test Suite" finished-at="2025-04-06T14:05:05 WAT" duration-ms="44676">
    <groups>
    </groups>
    <test started-at="2025-04-06T14:04:20 WAT" name="Test avec parameters chrome" finished-at="2025-04-06T14:05:05 WAT" duration-ms="44676">
      <class name="Packt.com.Tests.Troubleshooting">
        <test-method is-config="true" signature="setUp(java.lang.String)[pri:0, instance:Packt.com.Tests.Troubleshooting@157632c9]" started-at="2025-04-06T14:04:20 WAT" name="setUp" finished-at="2025-04-06T14:04:24 WAT" duration-ms="3821" status="PASS">
          <params>
            <param index="0">
              <value>
                <![CDATA[chrome]]>
              </value>
            </param>
          </params>
          <reporter-output>
          </reporter-output>
        </test-method> <!-- setUp -->
        <test-method signature="staleElementTest(java.lang.String)[pri:3, instance:Packt.com.Tests.Troubleshooting@157632c9]" started-at="2025-04-06T14:04:24 WAT" name="staleElementTest" finished-at="2025-04-06T14:05:05 WAT" duration-ms="40738" status="PASS">
          <params>
            <param index="0">
              <value>
                <![CDATA[chrome]]>
              </value>
            </param>
          </params>
          <reporter-output>
          </reporter-output>
        </test-method> <!-- staleElementTest -->
        <test-method is-config="true" signature="tearDown()[pri:0, instance:Packt.com.Tests.Troubleshooting@157632c9]" started-at="2025-04-06T14:05:05 WAT" name="tearDown" finished-at="2025-04-06T14:05:05 WAT" duration-ms="0" status="PASS">
          <reporter-output>
          </reporter-output>
        </test-method> <!-- tearDown -->
      </class> <!-- Packt.com.Tests.Troubleshooting -->
    </test> <!-- Test avec parameters chrome -->
  </suite> <!-- All Test Suite -->
</testng-results>
